C51 COMPILER V9.54   MAIN                                                                  08/11/2024 16:50:32 PAGE 1   


C51 COMPILER V9.54, COMPILATION OF MODULE MAIN
OBJECT MODULE PLACED IN .\Objects\main.obj
COMPILER INVOKED BY: D:\0_FileSystem\500_PCfiles\510_software\Keil5\C51\BIN\C51.EXE main.c OPTIMIZE(8,SPEED) BROWSE DEBU
                    -G OBJECTEXTEND PRINT(.\Listings\main.lst) TABS(2) OBJECT(.\Objects\main.obj)

line level    source

   1          #include <REGX52.H>
   2          
   3          void led(int id, int num)
   4          {
   5   1        char nixie_show[] = {0x3F, 0x06, 0x5B, 0x4F, 0x66, 0x6D, 0x7D, 0x07, 0x7F, 0x6F, 0x77, 0x7C, 0x39, 0x5E, 
             -0x79, 0x71};
   6   1        
   7   1        switch (id)
   8   1        {
   9   2          case 1: P2_4 = 1; P2_3 = 1; P2_2 = 1; break;
  10   2          case 2: P2_4 = 1; P2_3 = 1; P2_2 = 0; break;
  11   2          case 3: P2_4 = 1; P2_3 = 0; P2_2 = 1; break;
  12   2          case 4: P2_4 = 1; P2_3 = 0; P2_2 = 0; break;
  13   2          case 5: P2_4 = 0; P2_3 = 1; P2_2 = 1; break;
  14   2          case 6: P2_4 = 0; P2_3 = 1; P2_2 = 0; break;
  15   2          case 7: P2_4 = 0; P2_3 = 0; P2_2 = 1; break;
  16   2          case 8: P2_4 = 0; P2_3 = 0; P2_2 = 0; break;
  17   2          default: break;
  18   2        }
  19   1        
  20   1        P0 = nixie_show[num];
  21   1          
  22   1      }
  23          
  24          void main()
  25          {
  26   1        led(6, 6);
  27   1        while (1)
  28   1        {
  29   2          
  30   2        }
  31   1      }


MODULE INFORMATION:   STATIC OVERLAYABLE
   CODE SIZE        =    145    ----
   CONSTANT SIZE    =     16    ----
   XDATA SIZE       =   ----    ----
   PDATA SIZE       =   ----    ----
   DATA SIZE        =   ----      20
   IDATA SIZE       =   ----    ----
   BIT SIZE         =   ----    ----
END OF MODULE INFORMATION.


C51 COMPILATION COMPLETE.  0 WARNING(S),  0 ERROR(S)
