C51 COMPILER V9.54   MAIN                                                                  08/06/2024 17:13:46 PAGE 1   


C51 COMPILER V9.54, COMPILATION OF MODULE MAIN
OBJECT MODULE PLACED IN .\Objects\main.obj
COMPILER INVOKED BY: D:\0_FileSystem\500_PCfiles\510_software\Keil5\C51\BIN\C51.EXE main.c OPTIMIZE(8,SPEED) BROWSE DEBU
                    -G OBJECTEXTEND PRINT(.\Listings\main.lst) TABS(2) OBJECT(.\Objects\main.obj)

line level    source

   1          #include <REGX52.H>
   2          
   3          void Delay1ms()   //@12.000MHz
   4          {
   5   1        unsigned char i, j;
   6   1      
   7   1        i = 2;
   8   1        j = 239;
   9   1        do
  10   1        {
  11   2          while (--j);
  12   2        } while (--i);
  13   1      }
  14          
  15          void delay(int x)
  16          {
  17   1        while (x > 0)
  18   1        {
  19   2          Delay1ms();
  20   2          x--;
  21   2        }
  22   1      }
  23          
  24          void main()
  25          {
  26   1        int led_num = 1;
  27   1        P2 = 0xFE;
  28   1        
  29   1        while (1)
  30   1        {
  31   2          if (P3_1 == 0)
  32   2          {
  33   3            delay(20);
  34   3            while (P3_1 == 0);
  35   3            delay(20);
  36   3            
  37   3            led_num++;
  38   3            
  39   3            if (led_num > 8)
  40   3            {
  41   4              led_num = 1;
  42   4            }
  43   3            
  44   3            P2 = ~(0x01 << (led_num-1));
  45   3          }
  46   2          
  47   2          if (P3_0 == 0)
  48   2          {
  49   3            delay(20);
  50   3            while (P3_0 == 0);
  51   3            delay(20);
  52   3            
  53   3            led_num--;
  54   3            
C51 COMPILER V9.54   MAIN                                                                  08/06/2024 17:13:46 PAGE 2   

  55   3            if (led_num < 1)
  56   3            {
  57   4              led_num = 8;
  58   4            }
  59   3            
  60   3            P2 = ~(0x01 << (led_num-1));
  61   3          }
  62   2        }
  63   1      }


MODULE INFORMATION:   STATIC OVERLAYABLE
   CODE SIZE        =    146    ----
   CONSTANT SIZE    =   ----    ----
   XDATA SIZE       =   ----    ----
   PDATA SIZE       =   ----    ----
   DATA SIZE        =   ----    ----
   IDATA SIZE       =   ----    ----
   BIT SIZE         =   ----    ----
END OF MODULE INFORMATION.


C51 COMPILATION COMPLETE.  0 WARNING(S),  0 ERROR(S)
