C51 COMPILER V9.54   MAIN                                                                  08/07/2024 19:51:16 PAGE 1   


C51 COMPILER V9.54, COMPILATION OF MODULE MAIN
OBJECT MODULE PLACED IN .\Objects\main.obj
COMPILER INVOKED BY: D:\0_FileSystem\500_PCfiles\510_software\Keil5\C51\BIN\C51.EXE main.c OPTIMIZE(8,SPEED) BROWSE DEBU
                    -G OBJECTEXTEND PRINT(.\Listings\main.lst) TABS(2) OBJECT(.\Objects\main.obj)

line level    source

   1          #include <REGX52.H>
   2          
   3          void Delay1ms()   //@12.000MHz
   4          {
   5   1        unsigned char i, j;
   6   1      
   7   1        i = 2;
   8   1        j = 239;
   9   1        do
  10   1        {
  11   2          while (--j);
  12   2        } while (--i);
  13   1      }
  14          
  15          void delay(int x)
  16          {
  17   1        while (x > 0)
  18   1        {
  19   2          Delay1ms();
  20   2          x--;
  21   2        }
  22   1      }
  23            
  24            
  25          
  26          void led(int id, int num)
  27          {
  28   1        char nixie_show[17] = {0x3F, 0x06, 0x5B, 0x4F, 0x66, 0x6D, 0x7D, 0x07, 0x7F, 0x6F, 0x77, 0x7C, 0x39, 0x5E
             -, 0x79, 0x71, 0x00};
  29   1        
  30   1        switch (id)
  31   1        {
  32   2          case 1: P2_4 = 1; P2_3 = 1; P2_2 = 1; break;
  33   2          case 2: P2_4 = 1; P2_3 = 1; P2_2 = 0; break;
  34   2          case 3: P2_4 = 1; P2_3 = 0; P2_2 = 1; break;
  35   2          case 4: P2_4 = 1; P2_3 = 0; P2_2 = 0; break;
  36   2          case 5: P2_4 = 0; P2_3 = 1; P2_2 = 1; break;
  37   2          case 6: P2_4 = 0; P2_3 = 1; P2_2 = 0; break;
  38   2          case 7: P2_4 = 0; P2_3 = 0; P2_2 = 1; break;
  39   2          case 8: P2_4 = 0; P2_3 = 0; P2_2 = 0; break;
  40   2          default: break;
  41   2        }
  42   1        
  43   1        P0 = nixie_show[num];
  44   1          
  45   1      }
  46          
  47          void main()
  48          {
  49   1        int num = 0;
  50   1        int id = 0;
  51   1        
  52   1        while (1)
  53   1        {
C51 COMPILER V9.54   MAIN                                                                  08/07/2024 19:51:16 PAGE 2   

  54   2          
  55   2          for (num=0; num <= 15; num++)
  56   2          {
  57   3            id = (num % 8) + 1;
  58   3            led(id, num);
  59   3            delay(500);
  60   3            led(id, 16);
  61   3            delay(1);
  62   3          }
  63   2        }
  64   1      }


MODULE INFORMATION:   STATIC OVERLAYABLE
   CODE SIZE        =    257    ----
   CONSTANT SIZE    =     17    ----
   XDATA SIZE       =   ----    ----
   PDATA SIZE       =   ----    ----
   DATA SIZE        =   ----      25
   IDATA SIZE       =   ----    ----
   BIT SIZE         =   ----    ----
END OF MODULE INFORMATION.


C51 COMPILATION COMPLETE.  0 WARNING(S),  0 ERROR(S)
