C51 COMPILER V9.54   MAIN                                                                  08/11/2024 22:50:48 PAGE 1   


C51 COMPILER V9.54, COMPILATION OF MODULE MAIN
OBJECT MODULE PLACED IN .\Objects\main.obj
COMPILER INVOKED BY: D:\0_FileSystem\500_PCfiles\510_software\Keil5\C51\BIN\C51.EXE main.c OPTIMIZE(8,SPEED) BROWSE DEBU
                    -G OBJECTEXTEND PRINT(.\Listings\main.lst) TABS(2) OBJECT(.\Objects\main.obj)

line level    source

   1          #include <REGX52.H>
   2          #include "LCD1602.h"
   3          #include "Delay.h"
   4          
   5          void main()
   6          {
   7   1        int a = 0;
   8   1        LCD_Init();
   9   1      //  LCD_ShowChar(1, 1, 'A');
  10   1      //  LCD_ShowString(1, 3, "hello");
  11   1      //  LCD_ShowNum(1, 9, 123, 3);
  12   1      //  LCD_ShowSignedNum(1, 13, -66, 2);
  13   1      //  LCD_ShowHexNum(2, 1, 0xA8, 2);
  14   1      //  LCD_ShowBinNum(2, 4, 0xAA, 8);
  15   1      //  
  16   1      //  a = 1 + 2;
  17   1      //  LCD_ShowNum(2, 13, a, 3);
  18   1        while (1)
  19   1        {
  20   2          a++;
  21   2          Delay(1000);
  22   2          LCD_ShowNum(1, 1, a, 16);
  23   2          
  24   2        }
  25   1      }


MODULE INFORMATION:   STATIC OVERLAYABLE
   CODE SIZE        =     39    ----
   CONSTANT SIZE    =   ----    ----
   XDATA SIZE       =   ----    ----
   PDATA SIZE       =   ----    ----
   DATA SIZE        =   ----       2
   IDATA SIZE       =   ----    ----
   BIT SIZE         =   ----    ----
END OF MODULE INFORMATION.


C51 COMPILATION COMPLETE.  0 WARNING(S),  0 ERROR(S)
