C51 COMPILER V9.54   MAIN                                                                  08/06/2024 15:31:43 PAGE 1   


C51 COMPILER V9.54, COMPILATION OF MODULE MAIN
OBJECT MODULE PLACED IN .\Objects\main.obj
COMPILER INVOKED BY: D:\0_FileSystem\500_PCfiles\510_software\Keil5\C51\BIN\C51.EXE main.c OPTIMIZE(8,SPEED) BROWSE DEBU
                    -G OBJECTEXTEND PRINT(.\Listings\main.lst) TABS(2) OBJECT(.\Objects\main.obj)

line level    source

   1          #include <REGX52.H>
   2          
   3          void Delay1ms()   //@12.000MHz
   4          {
   5   1        unsigned char i, j;
   6   1      
   7   1        i = 2;
   8   1        j = 239;
   9   1        do
  10   1        {
  11   2          while (--j);
  12   2        } while (--i);
  13   1      }
  14          
  15          void delay(unsigned int x)
  16          {
  17   1        while (x > 0)
  18   1        {
  19   2          Delay1ms();
  20   2          x--;
  21   2        }
  22   1      }
  23          
  24          //void main()
  25          //{
  26          //  unsigned char led_bin = 0xFF;
  27          //  while (1)
  28          //  {
  29          //    if (P3_1 == 0)
  30          //    {
  31          //      delay(20);
  32          //      while (P3_1 == 0);
  33          //      delay(20);
  34          //      
  35          //      if (led_bin > 0x00)
  36          //      {
  37          //        led_bin = led_bin - 0x01;
  38          //      }
  39          //      else
  40          //      {
  41          //        led_bin = 0xFF;
  42          //      }
  43          //      
  44          //      P2 = led_bin;
  45          //    }
  46          //  }
  47          //}
  48          
  49          void main()
  50          {
  51   1        P2 = 0x07;
  52   1        while (1)
  53   1        {
  54   2          if (P3_1 == 0)
C51 COMPILER V9.54   MAIN                                                                  08/06/2024 15:31:43 PAGE 2   

  55   2          {
  56   3            delay(20);
  57   3            while (P3_1 == 0);
  58   3            delay(20);
  59   3            
  60   3            if (P2 > 0x00)
  61   3            {
  62   4              P2 = P2 - 1;
  63   4            }
  64   3            else
  65   3            {
  66   4              P2 = 0xFF;
  67   4            }
  68   3          }
  69   2        }
  70   1      }


MODULE INFORMATION:   STATIC OVERLAYABLE
   CODE SIZE        =     72    ----
   CONSTANT SIZE    =   ----    ----
   XDATA SIZE       =   ----    ----
   PDATA SIZE       =   ----    ----
   DATA SIZE        =   ----    ----
   IDATA SIZE       =   ----    ----
   BIT SIZE         =   ----    ----
END OF MODULE INFORMATION.


C51 COMPILATION COMPLETE.  0 WARNING(S),  0 ERROR(S)
