C51 COMPILER V9.54   DELAY                                                                 08/12/2024 23:04:31 PAGE 1   


C51 COMPILER V9.54, COMPILATION OF MODULE DELAY
OBJECT MODULE PLACED IN .\Objects\Delay.obj
COMPILER INVOKED BY: D:\0_FileSystem\500_PCfiles\510_software\Keil5\C51\BIN\C51.EXE Delay.c OPTIMIZE(8,SPEED) BROWSE DEB
                    -UG OBJECTEXTEND PRINT(.\Listings\Delay.lst) TABS(2) OBJECT(.\Objects\Delay.obj)

line level    source

   1          void Delay1ms()   //@12.000MHz
   2          {
   3   1        unsigned char i, j;
   4   1      
   5   1        i = 2;
   6   1        j = 239;
   7   1        do
   8   1        {
   9   2          while (--j);
  10   2        } while (--i);
  11   1      }
  12          
  13          void Delay(int xms)
  14          {
  15   1        while (xms > 0)
  16   1        {
  17   2          Delay1ms();
  18   2          xms--;
  19   2        }
  20   1      }


MODULE INFORMATION:   STATIC OVERLAYABLE
   CODE SIZE        =     35    ----
   CONSTANT SIZE    =   ----    ----
   XDATA SIZE       =   ----    ----
   PDATA SIZE       =   ----    ----
   DATA SIZE        =   ----    ----
   IDATA SIZE       =   ----    ----
   BIT SIZE         =   ----    ----
END OF MODULE INFORMATION.


C51 COMPILATION COMPLETE.  0 WARNING(S),  0 ERROR(S)
