C51 COMPILER V9.54   MAIN                                                                  09/18/2024 23:26:46 PAGE 1   


C51 COMPILER V9.54, COMPILATION OF MODULE MAIN
OBJECT MODULE PLACED IN .\Objects\main.obj
COMPILER INVOKED BY: D:\0_FileSystem\500_PCfiles\510_software\Keil5\C51\BIN\C51.EXE main.c OPTIMIZE(8,SPEED) BROWSE DEBU
                    -G OBJECTEXTEND PRINT(.\Listings\main.lst) TABS(2) OBJECT(.\Objects\main.obj)

line level    source

   1          #include <REGX52.H>
   2          #include "Delay.H"
   3          #include "LCD1602.H"
   4          
   5          void main()
   6          {
   7   1        LCD_Init();
   8   1        LCD_ShowString(1, 1, "hello world!"); 
   9   1        while (1)
  10   1        {
  11   2          
  12   2        }
  13   1      }  


MODULE INFORMATION:   STATIC OVERLAYABLE
   CODE SIZE        =     18    ----
   CONSTANT SIZE    =     13    ----
   XDATA SIZE       =   ----    ----
   PDATA SIZE       =   ----    ----
   DATA SIZE        =   ----    ----
   IDATA SIZE       =   ----    ----
   BIT SIZE         =   ----    ----
END OF MODULE INFORMATION.


C51 COMPILATION COMPLETE.  0 WARNING(S),  0 ERROR(S)
